  main.cpp
c:\users\albin\documents\github\realtime-rendering-of-massive-models\rrmm\rrmm\main.cpp(123): warning C4305: 'argument': truncation from 'double' to 'GLclampf'
c:\users\albin\documents\github\realtime-rendering-of-massive-models\rrmm\rrmm\main.cpp(288): warning C4244: 'argument': conversion from 'double' to 'float', possible loss of data
  PLYDrawer.cpp
c:\users\albin\documents\github\realtime-rendering-of-massive-models\rrmm\rrmm\plydrawer.cpp(11): warning C4018: '<': signed/unsigned mismatch
c:\users\albin\documents\github\realtime-rendering-of-massive-models\rrmm\rrmm\plydrawer.cpp(132): warning C4018: '<': signed/unsigned mismatch
c:\users\albin\documents\github\realtime-rendering-of-massive-models\rrmm\rrmm\plydrawer.cpp(148): warning C4018: '<': signed/unsigned mismatch
c:\users\albin\documents\github\realtime-rendering-of-massive-models\rrmm\rrmm\plydrawer.cpp(156): warning C4018: '<': signed/unsigned mismatch
c:\users\albin\documents\github\realtime-rendering-of-massive-models\rrmm\rrmm\plydrawer.cpp(172): warning C4018: '<': signed/unsigned mismatch
c:\users\albin\documents\github\realtime-rendering-of-massive-models\rrmm\rrmm\plydrawer.cpp(198): warning C4018: '<': signed/unsigned mismatch
c:\users\albin\documents\github\realtime-rendering-of-massive-models\rrmm\rrmm\plydrawer.cpp(223): warning C4018: '<': signed/unsigned mismatch
c:\users\albin\documents\github\realtime-rendering-of-massive-models\rrmm\rrmm\plydrawer.cpp(225): warning C4018: '<': signed/unsigned mismatch
c:\users\albin\documents\github\realtime-rendering-of-massive-models\rrmm\rrmm\plydrawer.cpp(239): warning C4018: '<': signed/unsigned mismatch
c:\users\albin\documents\github\realtime-rendering-of-massive-models\rrmm\rrmm\plydrawer.cpp(240): warning C4018: '<': signed/unsigned mismatch
c:\users\albin\documents\github\realtime-rendering-of-massive-models\rrmm\rrmm\plydrawer.cpp(253): warning C4018: '<': signed/unsigned mismatch
c:\users\albin\documents\github\realtime-rendering-of-massive-models\rrmm\rrmm\plydrawer.cpp(260): warning C4018: '<': signed/unsigned mismatch
c:\users\albin\documents\github\realtime-rendering-of-massive-models\rrmm\rrmm\plydrawer.cpp(263): warning C4018: '<': signed/unsigned mismatch
c:\users\albin\documents\github\realtime-rendering-of-massive-models\rrmm\rrmm\plydrawer.cpp(273): warning C4018: '<': signed/unsigned mismatch
c:\users\albin\documents\github\realtime-rendering-of-massive-models\rrmm\rrmm\plydrawer.cpp(281): warning C4018: '<': signed/unsigned mismatch
c:\users\albin\documents\github\realtime-rendering-of-massive-models\rrmm\rrmm\plydrawer.cpp(373): warning C4018: '<': signed/unsigned mismatch
c:\users\albin\documents\github\realtime-rendering-of-massive-models\rrmm\rrmm\plydrawer.cpp(380): warning C4018: '<': signed/unsigned mismatch
c:\users\albin\documents\github\realtime-rendering-of-massive-models\rrmm\rrmm\plydrawer.cpp(383): warning C4018: '<': signed/unsigned mismatch
c:\users\albin\documents\github\realtime-rendering-of-massive-models\rrmm\rrmm\plydrawer.cpp(387): warning C4018: '<': signed/unsigned mismatch
c:\users\albin\documents\github\realtime-rendering-of-massive-models\rrmm\rrmm\plydrawer.cpp(389): warning C4018: '<': signed/unsigned mismatch
c:\users\albin\documents\github\realtime-rendering-of-massive-models\rrmm\rrmm\plydrawer.cpp(409): warning C4018: '<': signed/unsigned mismatch
c:\users\albin\documents\github\realtime-rendering-of-massive-models\rrmm\rrmm\plydrawer.cpp(430): warning C4018: '<': signed/unsigned mismatch
c:\users\albin\documents\github\realtime-rendering-of-massive-models\rrmm\rrmm\plydrawer.cpp(434): warning C4018: '<': signed/unsigned mismatch
c:\users\albin\documents\github\realtime-rendering-of-massive-models\rrmm\rrmm\plydrawer.cpp(454): warning C4018: '<': signed/unsigned mismatch
c:\users\albin\documents\github\realtime-rendering-of-massive-models\rrmm\rrmm\plydrawer.cpp(493): warning C4018: '<': signed/unsigned mismatch
c:\users\albin\documents\github\realtime-rendering-of-massive-models\rrmm\rrmm\plydrawer.cpp(515): warning C4018: '<': signed/unsigned mismatch
  Generating Code...
LINK : warning LNK4098: defaultlib 'LIBCMT' conflicts with use of other libs; use /NODEFAULTLIB:library
shaderLoader.obj : warning LNK4049: locally defined symbol ___glewAttachShader imported
shaderLoader.obj : warning LNK4049: locally defined symbol ___glewCompileShader imported
shaderLoader.obj : warning LNK4049: locally defined symbol ___glewCreateProgram imported
shaderLoader.obj : warning LNK4049: locally defined symbol ___glewCreateShader imported
shaderLoader.obj : warning LNK4049: locally defined symbol ___glewDeleteShader imported
shaderLoader.obj : warning LNK4049: locally defined symbol ___glewDetachShader imported
shaderLoader.obj : warning LNK4049: locally defined symbol ___glewGetProgramInfoLog imported
shaderLoader.obj : warning LNK4049: locally defined symbol ___glewGetProgramiv imported
shaderLoader.obj : warning LNK4049: locally defined symbol ___glewGetShaderInfoLog imported
shaderLoader.obj : warning LNK4049: locally defined symbol ___glewGetShaderiv imported
shaderLoader.obj : warning LNK4049: locally defined symbol ___glewLinkProgram imported
shaderLoader.obj : warning LNK4049: locally defined symbol ___glewShaderSource imported
glew32s.lib(glew.obj) : warning LNK4099: PDB 'vc120.pdb' was not found with 'glew32s.lib(glew.obj)' or at 'C:\Users\Albin\Documents\GitHub\Realtime-Rendering-of-Massive-Models\RRMM\Debug\vc120.pdb'; linking object as if no debug info
glfw3.lib(context.obj) : warning LNK4099: PDB 'glfw.pdb' was not found with 'glfw3.lib(context.obj)' or at 'C:\Users\Albin\Documents\GitHub\Realtime-Rendering-of-Massive-Models\RRMM\Debug\glfw.pdb'; linking object as if no debug info
glfw3.lib(init.obj) : warning LNK4099: PDB 'glfw.pdb' was not found with 'glfw3.lib(init.obj)' or at 'C:\Users\Albin\Documents\GitHub\Realtime-Rendering-of-Massive-Models\RRMM\Debug\glfw.pdb'; linking object as if no debug info
glfw3.lib(input.obj) : warning LNK4099: PDB 'glfw.pdb' was not found with 'glfw3.lib(input.obj)' or at 'C:\Users\Albin\Documents\GitHub\Realtime-Rendering-of-Massive-Models\RRMM\Debug\glfw.pdb'; linking object as if no debug info
glfw3.lib(monitor.obj) : warning LNK4099: PDB 'glfw.pdb' was not found with 'glfw3.lib(monitor.obj)' or at 'C:\Users\Albin\Documents\GitHub\Realtime-Rendering-of-Massive-Models\RRMM\Debug\glfw.pdb'; linking object as if no debug info
glfw3.lib(vulkan.obj) : warning LNK4099: PDB 'glfw.pdb' was not found with 'glfw3.lib(vulkan.obj)' or at 'C:\Users\Albin\Documents\GitHub\Realtime-Rendering-of-Massive-Models\RRMM\Debug\glfw.pdb'; linking object as if no debug info
glfw3.lib(window.obj) : warning LNK4099: PDB 'glfw.pdb' was not found with 'glfw3.lib(window.obj)' or at 'C:\Users\Albin\Documents\GitHub\Realtime-Rendering-of-Massive-Models\RRMM\Debug\glfw.pdb'; linking object as if no debug info
glfw3.lib(win32_init.obj) : warning LNK4099: PDB 'glfw.pdb' was not found with 'glfw3.lib(win32_init.obj)' or at 'C:\Users\Albin\Documents\GitHub\Realtime-Rendering-of-Massive-Models\RRMM\Debug\glfw.pdb'; linking object as if no debug info
glfw3.lib(win32_joystick.obj) : warning LNK4099: PDB 'glfw.pdb' was not found with 'glfw3.lib(win32_joystick.obj)' or at 'C:\Users\Albin\Documents\GitHub\Realtime-Rendering-of-Massive-Models\RRMM\Debug\glfw.pdb'; linking object as if no debug info
glfw3.lib(win32_monitor.obj) : warning LNK4099: PDB 'glfw.pdb' was not found with 'glfw3.lib(win32_monitor.obj)' or at 'C:\Users\Albin\Documents\GitHub\Realtime-Rendering-of-Massive-Models\RRMM\Debug\glfw.pdb'; linking object as if no debug info
glfw3.lib(win32_time.obj) : warning LNK4099: PDB 'glfw.pdb' was not found with 'glfw3.lib(win32_time.obj)' or at 'C:\Users\Albin\Documents\GitHub\Realtime-Rendering-of-Massive-Models\RRMM\Debug\glfw.pdb'; linking object as if no debug info
glfw3.lib(win32_tls.obj) : warning LNK4099: PDB 'glfw.pdb' was not found with 'glfw3.lib(win32_tls.obj)' or at 'C:\Users\Albin\Documents\GitHub\Realtime-Rendering-of-Massive-Models\RRMM\Debug\glfw.pdb'; linking object as if no debug info
glfw3.lib(win32_window.obj) : warning LNK4099: PDB 'glfw.pdb' was not found with 'glfw3.lib(win32_window.obj)' or at 'C:\Users\Albin\Documents\GitHub\Realtime-Rendering-of-Massive-Models\RRMM\Debug\glfw.pdb'; linking object as if no debug info
glfw3.lib(wgl_context.obj) : warning LNK4099: PDB 'glfw.pdb' was not found with 'glfw3.lib(wgl_context.obj)' or at 'C:\Users\Albin\Documents\GitHub\Realtime-Rendering-of-Massive-Models\RRMM\Debug\glfw.pdb'; linking object as if no debug info
glfw3.lib(egl_context.obj) : warning LNK4099: PDB 'glfw.pdb' was not found with 'glfw3.lib(egl_context.obj)' or at 'C:\Users\Albin\Documents\GitHub\Realtime-Rendering-of-Massive-Models\RRMM\Debug\glfw.pdb'; linking object as if no debug info
  RRMM.vcxproj -> C:\Users\Albin\Documents\GitHub\Realtime-Rendering-of-Massive-Models\RRMM\Debug\RRMM.exe
  RRMM.vcxproj -> C:\Users\Albin\Documents\GitHub\Realtime-Rendering-of-Massive-Models\RRMM\Debug\RRMM.pdb (Partial PDB)
