  PLYDrawer.cpp
PLYDrawer.cpp(17): warning C4018: '<': signed/unsigned mismatch
PLYDrawer.cpp(174): warning C4018: '<': signed/unsigned mismatch
PLYDrawer.cpp(190): warning C4018: '<': signed/unsigned mismatch
PLYDrawer.cpp(198): warning C4018: '<': signed/unsigned mismatch
PLYDrawer.cpp(214): warning C4018: '<': signed/unsigned mismatch
PLYDrawer.cpp(240): warning C4018: '<': signed/unsigned mismatch
PLYDrawer.cpp(264): warning C4018: '<': signed/unsigned mismatch
PLYDrawer.cpp(266): warning C4018: '<': signed/unsigned mismatch
PLYDrawer.cpp(280): warning C4018: '<': signed/unsigned mismatch
PLYDrawer.cpp(281): warning C4018: '<': signed/unsigned mismatch
PLYDrawer.cpp(294): warning C4018: '<': signed/unsigned mismatch
PLYDrawer.cpp(301): warning C4018: '<': signed/unsigned mismatch
PLYDrawer.cpp(304): warning C4018: '<': signed/unsigned mismatch
PLYDrawer.cpp(314): warning C4018: '<': signed/unsigned mismatch
PLYDrawer.cpp(322): warning C4018: '<': signed/unsigned mismatch
PLYDrawer.cpp(412): warning C4018: '<': signed/unsigned mismatch
PLYDrawer.cpp(419): warning C4018: '<': signed/unsigned mismatch
PLYDrawer.cpp(422): warning C4018: '<': signed/unsigned mismatch
PLYDrawer.cpp(426): warning C4018: '<': signed/unsigned mismatch
PLYDrawer.cpp(428): warning C4018: '<': signed/unsigned mismatch
PLYDrawer.cpp(448): warning C4018: '<': signed/unsigned mismatch
PLYDrawer.cpp(469): warning C4018: '<': signed/unsigned mismatch
PLYDrawer.cpp(473): warning C4018: '<': signed/unsigned mismatch
PLYDrawer.cpp(493): warning C4018: '<': signed/unsigned mismatch
PLYDrawer.cpp(532): warning C4018: '<': signed/unsigned mismatch
PLYDrawer.cpp(554): warning C4018: '<': signed/unsigned mismatch
  main.cpp
main.cpp(143): warning C4018: '<': signed/unsigned mismatch
main.cpp(145): warning C4018: '<': signed/unsigned mismatch
main.cpp(189): warning C4244: 'initializing': conversion from 'int' to 'float', possible loss of data
main.cpp(212): warning C4305: 'argument': truncation from 'double' to 'GLclampf'
main.cpp(226): warning C4244: 'initializing': conversion from 'float' to 'int', possible loss of data
main.cpp(227): warning C4244: 'initializing': conversion from 'float' to 'int', possible loss of data
main.cpp(232): warning C4018: '<': signed/unsigned mismatch
main.cpp(234): warning C4018: '<': signed/unsigned mismatch
main.cpp(295): warning C4018: '<': signed/unsigned mismatch
main.cpp(297): warning C4018: '<': signed/unsigned mismatch
main.cpp(345): warning C4244: '=': conversion from 'float' to 'int', possible loss of data
main.cpp(395): warning C4018: '<': signed/unsigned mismatch
main.cpp(402): warning C4018: '<': signed/unsigned mismatch
main.cpp(405): warning C4244: '=': conversion from 'double' to 'float', possible loss of data
main.cpp(409): warning C4018: '<': signed/unsigned mismatch
main.cpp(414): warning C4244: 'argument': conversion from 'float' to 'unsigned int', possible loss of data
main.cpp(426): warning C4244: 'argument': conversion from 'float' to 'unsigned int', possible loss of data
main.cpp(427): warning C4244: 'argument': conversion from 'float' to 'unsigned int', possible loss of data
main.cpp(439): warning C4018: '<': signed/unsigned mismatch
main.cpp(443): warning C4244: 'argument': conversion from 'float' to 'unsigned int', possible loss of data
main.cpp(459): warning C4244: 'initializing': conversion from 'double' to 'float', possible loss of data
main.cpp(475): warning C4244: '=': conversion from 'double' to 'float', possible loss of data
main.cpp(476): warning C4244: '=': conversion from 'int' to 'float', possible loss of data
main.cpp(515): warning C4244: 'argument': conversion from 'double' to 'float', possible loss of data
LINK : warning LNK4098: defaultlib 'LIBCMT' conflicts with use of other libs; use /NODEFAULTLIB:library
LINK : warning LNK4098: defaultlib 'MSVCRTD' conflicts with use of other libs; use /NODEFAULTLIB:library
  Generating code
  12 of 1940 functions ( 0.6%) were compiled, the rest were copied from previous compilation.
    4 functions were new in current compilation
    38 functions had inline decision re-evaluated but remain unchanged
  Finished generating code
shaderLoader.obj : warning LNK4049: locally defined symbol ___glewLinkProgram imported
shaderLoader.obj : warning LNK4049: locally defined symbol ___glewDeleteShader imported
shaderLoader.obj : warning LNK4049: locally defined symbol ___glewGetProgramInfoLog imported
shaderLoader.obj : warning LNK4049: locally defined symbol ___glewDetachShader imported
shaderLoader.obj : warning LNK4049: locally defined symbol ___glewShaderSource imported
shaderLoader.obj : warning LNK4049: locally defined symbol ___glewAttachShader imported
shaderLoader.obj : warning LNK4049: locally defined symbol ___glewGetProgramiv imported
shaderLoader.obj : warning LNK4049: locally defined symbol ___glewGetShaderInfoLog imported
shaderLoader.obj : warning LNK4049: locally defined symbol ___glewCreateProgram imported
shaderLoader.obj : warning LNK4049: locally defined symbol ___glewCreateShader imported
shaderLoader.obj : warning LNK4049: locally defined symbol ___glewCompileShader imported
shaderLoader.obj : warning LNK4049: locally defined symbol ___glewGetShaderiv imported
glew32s.lib(glew.obj) : warning LNK4099: PDB 'vc120.pdb' was not found with 'glew32s.lib(glew.obj)' or at 'C:\Users\Albin\Documents\GitHub\Realtime-Rendering-of-Massive-Models\RRMM\Release\vc120.pdb'; linking object as if no debug info
glfw3.lib(context.obj) : warning LNK4099: PDB 'glfw.pdb' was not found with 'glfw3.lib(context.obj)' or at 'C:\Users\Albin\Documents\GitHub\Realtime-Rendering-of-Massive-Models\RRMM\Release\glfw.pdb'; linking object as if no debug info
glfw3.lib(init.obj) : warning LNK4099: PDB 'glfw.pdb' was not found with 'glfw3.lib(init.obj)' or at 'C:\Users\Albin\Documents\GitHub\Realtime-Rendering-of-Massive-Models\RRMM\Release\glfw.pdb'; linking object as if no debug info
glfw3.lib(input.obj) : warning LNK4099: PDB 'glfw.pdb' was not found with 'glfw3.lib(input.obj)' or at 'C:\Users\Albin\Documents\GitHub\Realtime-Rendering-of-Massive-Models\RRMM\Release\glfw.pdb'; linking object as if no debug info
glfw3.lib(monitor.obj) : warning LNK4099: PDB 'glfw.pdb' was not found with 'glfw3.lib(monitor.obj)' or at 'C:\Users\Albin\Documents\GitHub\Realtime-Rendering-of-Massive-Models\RRMM\Release\glfw.pdb'; linking object as if no debug info
glfw3.lib(vulkan.obj) : warning LNK4099: PDB 'glfw.pdb' was not found with 'glfw3.lib(vulkan.obj)' or at 'C:\Users\Albin\Documents\GitHub\Realtime-Rendering-of-Massive-Models\RRMM\Release\glfw.pdb'; linking object as if no debug info
glfw3.lib(window.obj) : warning LNK4099: PDB 'glfw.pdb' was not found with 'glfw3.lib(window.obj)' or at 'C:\Users\Albin\Documents\GitHub\Realtime-Rendering-of-Massive-Models\RRMM\Release\glfw.pdb'; linking object as if no debug info
glfw3.lib(win32_init.obj) : warning LNK4099: PDB 'glfw.pdb' was not found with 'glfw3.lib(win32_init.obj)' or at 'C:\Users\Albin\Documents\GitHub\Realtime-Rendering-of-Massive-Models\RRMM\Release\glfw.pdb'; linking object as if no debug info
glfw3.lib(win32_joystick.obj) : warning LNK4099: PDB 'glfw.pdb' was not found with 'glfw3.lib(win32_joystick.obj)' or at 'C:\Users\Albin\Documents\GitHub\Realtime-Rendering-of-Massive-Models\RRMM\Release\glfw.pdb'; linking object as if no debug info
glfw3.lib(win32_monitor.obj) : warning LNK4099: PDB 'glfw.pdb' was not found with 'glfw3.lib(win32_monitor.obj)' or at 'C:\Users\Albin\Documents\GitHub\Realtime-Rendering-of-Massive-Models\RRMM\Release\glfw.pdb'; linking object as if no debug info
glfw3.lib(win32_time.obj) : warning LNK4099: PDB 'glfw.pdb' was not found with 'glfw3.lib(win32_time.obj)' or at 'C:\Users\Albin\Documents\GitHub\Realtime-Rendering-of-Massive-Models\RRMM\Release\glfw.pdb'; linking object as if no debug info
glfw3.lib(win32_tls.obj) : warning LNK4099: PDB 'glfw.pdb' was not found with 'glfw3.lib(win32_tls.obj)' or at 'C:\Users\Albin\Documents\GitHub\Realtime-Rendering-of-Massive-Models\RRMM\Release\glfw.pdb'; linking object as if no debug info
glfw3.lib(win32_window.obj) : warning LNK4099: PDB 'glfw.pdb' was not found with 'glfw3.lib(win32_window.obj)' or at 'C:\Users\Albin\Documents\GitHub\Realtime-Rendering-of-Massive-Models\RRMM\Release\glfw.pdb'; linking object as if no debug info
glfw3.lib(wgl_context.obj) : warning LNK4099: PDB 'glfw.pdb' was not found with 'glfw3.lib(wgl_context.obj)' or at 'C:\Users\Albin\Documents\GitHub\Realtime-Rendering-of-Massive-Models\RRMM\Release\glfw.pdb'; linking object as if no debug info
glfw3.lib(egl_context.obj) : warning LNK4099: PDB 'glfw.pdb' was not found with 'glfw3.lib(egl_context.obj)' or at 'C:\Users\Albin\Documents\GitHub\Realtime-Rendering-of-Massive-Models\RRMM\Release\glfw.pdb'; linking object as if no debug info
  RRMM.vcxproj -> C:\Users\Albin\Documents\GitHub\Realtime-Rendering-of-Massive-Models\RRMM\Release\RRMM.exe
  RRMM.vcxproj -> C:\Users\Albin\Documents\GitHub\Realtime-Rendering-of-Massive-Models\RRMM\Release\RRMM.pdb (Full PDB)
